<?xml version="1.0" encoding="UTF-8"?>
<!-- Generated by org.testng.reporters.JUnitReportReporter -->
<testsuite skipped="0" hostname="LAPTOP-O9KA1310" name="com.digiboxx.Testcases.tryout" tests="1" failures="0" timestamp="2022-05-28T23:52:38 EDT" time="12.320" errors="0">
  <testcase name="login" time="12.320" classname="com.digiboxx.Testcases.tryout"/>
  <system-out/>
</testsuite> <!-- com.digiboxx.Testcases.tryout -->
