<?xml version="1.0" encoding="UTF-8"?>
<!-- Generated by org.testng.reporters.JUnitReportReporter -->
<testsuite skipped="0" hostname="LAPTOP-O9KA1310" name="com.digiboxx.Testcases.DigiboxxLoginTest" tests="1" failures="0" timestamp="2022-05-31T23:12:31 EDT" time="9.626" errors="0">
  <testcase name="loginHomePage" time="9.626" classname="com.digiboxx.Testcases.DigiboxxLoginTest"/>
  <system-out/>
</testsuite> <!-- com.digiboxx.Testcases.DigiboxxLoginTest -->
