<?xml version="1.0" encoding="UTF-8"?>
<!-- Generated by org.testng.reporters.JUnitReportReporter -->
<testsuite skipped="0" hostname="LAPTOP-O9KA1310" name="com.digiboxx.Testcases.DigiboxxUploadFileTest" tests="1" failures="0" timestamp="2022-05-31T20:39:31 EDT" time="17.986" errors="0">
  <testcase name="fileUpload" time="17.986" classname="com.digiboxx.Testcases.DigiboxxUploadFileTest"/>
  <system-out/>
</testsuite> <!-- com.digiboxx.Testcases.DigiboxxUploadFileTest -->
